Build started 9/8/2017 7:00:03 PM.
     1>Project "c:\Users\alienware\documents\visual studio 2012\Projects\CNN Inference\CNN Inference\CNN Inference.vcxproj" on node 2 (Build target(s)).
     1>ClCompile:
         C:\Program Files (x86)\Microsoft Visual Studio 11.0\VC\bin\CL.exe /c /ZI /nologo /W3 /WX- /Od /Oy- /D _MBCS /Gm /EHsc /RTC1 /MDd /GS /fp:precise /Zc:wchar_t /Zc:forScope /Fo"Debug\\" /Fd"Debug\vc110.pdb" /Gd /TP /analyze- /errorReport:prompt ReluActivationLayer.cpp
         ReluActivationLayer.cpp
       Link:
         C:\Program Files (x86)\Microsoft Visual Studio 11.0\VC\bin\link.exe /ERRORREPORT:PROMPT /OUT:"c:\users\alienware\documents\visual studio 2012\Projects\CNN Inference\Debug\CNN Inference.exe" /INCREMENTAL /NOLOGO kernel32.lib user32.lib gdi32.lib winspool.lib comdlg32.lib advapi32.lib shell32.lib ole32.lib oleaut32.lib uuid.lib odbc32.lib odbccp32.lib /MANIFEST /MANIFESTUAC:"level='asInvoker' uiAccess='false'" /manifest:embed /DEBUG /PDB:"c:\users\alienware\documents\visual studio 2012\Projects\CNN Inference\Debug\CNN Inference.pdb" /TLBID:1 /DYNAMICBASE /NXCOMPAT /IMPLIB:"c:\users\alienware\documents\visual studio 2012\Projects\CNN Inference\Debug\CNN Inference.lib" /MACHINE:X86 Debug\Classifier.obj
         Debug\ConvolutionalLayer.obj
         Debug\FullyConnectedLayer.obj
         Debug\Layer.obj
         Debug\Main.obj
         Debug\Matrix.obj
         Debug\NaiveConvolutor.obj
         Debug\NaiveMatrixMultiplier.obj
         Debug\ReluActivationLayer.obj
         Debug\SigmoidActivationLayer.obj
         Debug\TanhActivationLayer.obj
         Debug\ThreeDimensionalArray.obj
         Debug\Vector.obj
         CNN Inference.vcxproj -> c:\users\alienware\documents\visual studio 2012\Projects\CNN Inference\Debug\CNN Inference.exe
     1>Done Building Project "c:\Users\alienware\documents\visual studio 2012\Projects\CNN Inference\CNN Inference\CNN Inference.vcxproj" (Build target(s)).

Build succeeded.

Time Elapsed 00:00:01.10
